{"/usr/src/projects/search-mini-project/src/components/Button/index.jsx": {"path":"/usr/src/projects/search-mini-project/src/components/Button/index.jsx","statementMap":{"0":{"start":{"line":3,"column":31},"end":{"line":9,"column":1}},"1":{"start":{"line":4,"column":2},"end":{"line":8,"column":4}}},"fnMap":{"0":{"name":"(anonymous_0)","decl":{"start":{"line":3,"column":31},"end":{"line":3,"column":32}},"loc":{"start":{"line":3,"column":64},"end":{"line":9,"column":1}},"line":3}},"branchMap":{},"s":{"0":1,"1":4},"f":{"0":4},"b":{},"_coverageSchema":"1a1c01bbd47fc00a2c39e90264f33305004495a9","hash":"206b1629d48c3d6f6f6b2d3aeb0a0391fb1ccfce"}
,"/usr/src/projects/search-mini-project/src/components/Button/styles.css": {"path":"/usr/src/projects/search-mini-project/src/components/Button/styles.css","statementMap":{"0":{"start":{"line":1,"column":0},"end":{"line":1,"column":19}}},"fnMap":{},"branchMap":{},"s":{"0":1},"f":{},"b":{},"_coverageSchema":"1a1c01bbd47fc00a2c39e90264f33305004495a9","hash":"f6065d23622fe56beb566ebb2d7197009a076eee"}
}
