{"/usr/src/projects/search-mini-project/src/components/Button/index.jsx": {"path":"/usr/src/projects/search-mini-project/src/components/Button/index.jsx","statementMap":{"0":{"start":{"line":3,"column":31},"end":{"line":9,"column":1}},"1":{"start":{"line":4,"column":2},"end":{"line":8,"column":4}}},"fnMap":{"0":{"name":"(anonymous_0)","decl":{"start":{"line":3,"column":31},"end":{"line":3,"column":32}},"loc":{"start":{"line":3,"column":64},"end":{"line":9,"column":1}},"line":3}},"branchMap":{},"s":{"0":1,"1":5},"f":{"0":5},"b":{},"_coverageSchema":"1a1c01bbd47fc00a2c39e90264f33305004495a9","hash":"206b1629d48c3d6f6f6b2d3aeb0a0391fb1ccfce"}
,"/usr/src/projects/search-mini-project/src/components/Button/styles.css": {"path":"/usr/src/projects/search-mini-project/src/components/Button/styles.css","statementMap":{"0":{"start":{"line":1,"column":0},"end":{"line":1,"column":19}}},"fnMap":{},"branchMap":{},"s":{"0":1},"f":{},"b":{},"_coverageSchema":"1a1c01bbd47fc00a2c39e90264f33305004495a9","hash":"f6065d23622fe56beb566ebb2d7197009a076eee"}
,"/usr/src/projects/search-mini-project/src/components/Input/index.jsx": {"path":"/usr/src/projects/search-mini-project/src/components/Input/index.jsx","statementMap":{"0":{"start":{"line":3,"column":30},"end":{"line":17,"column":1}},"1":{"start":{"line":8,"column":2},"end":{"line":16,"column":4}}},"fnMap":{"0":{"name":"(anonymous_0)","decl":{"start":{"line":3,"column":30},"end":{"line":3,"column":31}},"loc":{"start":{"line":7,"column":6},"end":{"line":17,"column":1}},"line":7}},"branchMap":{},"s":{"0":1,"1":3},"f":{"0":3},"b":{},"_coverageSchema":"1a1c01bbd47fc00a2c39e90264f33305004495a9","hash":"18b320a6e9682a6a28c2e7c93d3a5a6af21b5ecc"}
,"/usr/src/projects/search-mini-project/src/components/Input/styles.css": {"path":"/usr/src/projects/search-mini-project/src/components/Input/styles.css","statementMap":{"0":{"start":{"line":1,"column":0},"end":{"line":1,"column":19}}},"fnMap":{},"branchMap":{},"s":{"0":1},"f":{},"b":{},"_coverageSchema":"1a1c01bbd47fc00a2c39e90264f33305004495a9","hash":"6d35125a746c66bf9e746e3fbc44fe9dd5adedc7"}
,"/usr/src/projects/search-mini-project/src/components/PostCard/index.jsx": {"path":"/usr/src/projects/search-mini-project/src/components/PostCard/index.jsx","statementMap":{"0":{"start":{"line":3,"column":33},"end":{"line":13,"column":1}},"1":{"start":{"line":4,"column":2},"end":{"line":12,"column":4}}},"fnMap":{"0":{"name":"(anonymous_0)","decl":{"start":{"line":3,"column":33},"end":{"line":3,"column":34}},"loc":{"start":{"line":3,"column":65},"end":{"line":13,"column":1}},"line":3}},"branchMap":{},"s":{"0":2,"1":8},"f":{"0":8},"b":{},"_coverageSchema":"1a1c01bbd47fc00a2c39e90264f33305004495a9","hash":"3eb958a28038ac7b861695c68585c713da896422"}
,"/usr/src/projects/search-mini-project/src/components/PostCard/mock.js": {"path":"/usr/src/projects/search-mini-project/src/components/PostCard/mock.js","statementMap":{"0":{"start":{"line":1,"column":33},"end":{"line":6,"column":1}}},"fnMap":{},"branchMap":{},"s":{"0":1},"f":{},"b":{},"_coverageSchema":"1a1c01bbd47fc00a2c39e90264f33305004495a9","hash":"a3d83f84029434e2b34a63397d22deb4f3d092ed"}
,"/usr/src/projects/search-mini-project/src/components/PostCard/styles.css": {"path":"/usr/src/projects/search-mini-project/src/components/PostCard/styles.css","statementMap":{"0":{"start":{"line":1,"column":0},"end":{"line":1,"column":19}}},"fnMap":{},"branchMap":{},"s":{"0":2},"f":{},"b":{},"_coverageSchema":"1a1c01bbd47fc00a2c39e90264f33305004495a9","hash":"42f8774a57ab10eb2abccc942a0b555957aa0bcb"}
,"/usr/src/projects/search-mini-project/src/components/Posts/index.jsx": {"path":"/usr/src/projects/search-mini-project/src/components/Posts/index.jsx","statementMap":{"0":{"start":{"line":5,"column":30},"end":{"line":19,"column":1}},"1":{"start":{"line":6,"column":2},"end":{"line":18,"column":4}},"2":{"start":{"line":9,"column":8},"end":{"line":15,"column":10}}},"fnMap":{"0":{"name":"(anonymous_0)","decl":{"start":{"line":5,"column":30},"end":{"line":5,"column":31}},"loc":{"start":{"line":5,"column":50},"end":{"line":19,"column":1}},"line":5},"1":{"name":"(anonymous_1)","decl":{"start":{"line":8,"column":17},"end":{"line":8,"column":18}},"loc":{"start":{"line":9,"column":8},"end":{"line":15,"column":10}},"line":9}},"branchMap":{"0":{"loc":{"start":{"line":5,"column":33},"end":{"line":5,"column":43}},"type":"default-arg","locations":[{"start":{"line":5,"column":41},"end":{"line":5,"column":43}}],"line":5}},"s":{"0":1,"1":2,"2":6},"f":{"0":2,"1":6},"b":{"0":[0]},"_coverageSchema":"1a1c01bbd47fc00a2c39e90264f33305004495a9","hash":"196412f5be98754360ccebeae63f163e9ffd5d85"}
,"/usr/src/projects/search-mini-project/src/components/Posts/styles.css": {"path":"/usr/src/projects/search-mini-project/src/components/Posts/styles.css","statementMap":{"0":{"start":{"line":1,"column":0},"end":{"line":1,"column":19}}},"fnMap":{},"branchMap":{},"s":{"0":1},"f":{},"b":{},"_coverageSchema":"1a1c01bbd47fc00a2c39e90264f33305004495a9","hash":"0fd8262201a311d26e1989e811fc62991dbc3d07"}
}
