TN:
SF:src/components/Button/index.jsx
FN:3,(anonymous_0)
FNF:1
FNH:1
FNDA:5,(anonymous_0)
DA:3,1
DA:4,5
LF:2
LH:2
BRF:0
BRH:0
end_of_record
TN:
SF:src/components/Button/styles.css
FNF:0
FNH:0
DA:1,1
LF:1
LH:1
BRF:0
BRH:0
end_of_record
TN:
SF:src/components/Input/index.jsx
FN:3,(anonymous_0)
FNF:1
FNH:1
FNDA:3,(anonymous_0)
DA:3,1
DA:8,3
LF:2
LH:2
BRF:0
BRH:0
end_of_record
TN:
SF:src/components/Input/styles.css
FNF:0
FNH:0
DA:1,1
LF:1
LH:1
BRF:0
BRH:0
end_of_record
TN:
SF:src/components/PostCard/index.jsx
FN:3,(anonymous_0)
FNF:1
FNH:1
FNDA:8,(anonymous_0)
DA:3,2
DA:4,8
LF:2
LH:2
BRF:0
BRH:0
end_of_record
TN:
SF:src/components/PostCard/mock.js
FNF:0
FNH:0
DA:1,1
LF:1
LH:1
BRF:0
BRH:0
end_of_record
TN:
SF:src/components/PostCard/styles.css
FNF:0
FNH:0
DA:1,2
LF:1
LH:1
BRF:0
BRH:0
end_of_record
TN:
SF:src/components/Posts/index.jsx
FN:5,(anonymous_0)
FN:8,(anonymous_1)
FNF:2
FNH:2
FNDA:2,(anonymous_0)
FNDA:6,(anonymous_1)
DA:5,1
DA:6,2
DA:9,6
LF:3
LH:3
BRDA:5,0,0,0
BRF:1
BRH:0
end_of_record
TN:
SF:src/components/Posts/styles.css
FNF:0
FNH:0
DA:1,1
LF:1
LH:1
BRF:0
BRH:0
end_of_record
